<?xml version="1.0" encoding="UTF-8"?>
<testsuite name="01.NullableTest" tests="1" skipped="0" failures="0" errors="0" timestamp="2024-01-07T13:20:30" hostname="JUNGKWONui-Mac-Studio.local" time="0.008">
  <properties/>
  <testcase name="nullable" classname="01.NullableTest" time="0.008"/>
  <system-out><![CDATA[]]></system-out>
  <system-err><![CDATA[]]></system-err>
</testsuite>
